<?xml version="1.0" encoding="UTF-8"?>
<testsuite xmlns:xsi="http://www.w3.org/2001/XMLSchema-instance" xsi:noNamespaceSchemaLocation="https://maven.apache.org/surefire/maven-surefire-plugin/xsd/surefire-test-report.xsd" version="3.0.2" name="com.example.document.application.DocumentFetchServiceTest" time="0.035" tests="4" errors="0" skipped="0" failures="0">
  <properties>
[...]
</properties>
  <testcase name="shouldCallAllProviders" classname="com.example.document.application.DocumentFetchServiceTest" time="0.023">
    <system-out><![CDATA[2026-05-03T07:26:11.729+07:00  INFO 35631 --- [           main] c.e.d.a.service.DocumentFetchService     : Fetching documents for vin=1HGBH41JXMN109186 from 2 provider(s)
2026-05-03T07:26:11.730+07:00 DEBUG 35631 --- [           main] c.e.d.a.service.DocumentFetchService     : Provider [SALES] returned 0 doc(s) for vin=1HGBH41JXMN109186
2026-05-03T07:26:11.730+07:00 DEBUG 35631 --- [pool-3-thread-2] c.e.d.a.service.DocumentFetchService     : Provider [SERVICE] returned 0 doc(s) for vin=1HGBH41JXMN109186
2026-05-03T07:26:11.731+07:00  INFO 35631 --- [           main] c.e.d.a.service.DocumentFetchService     : Combined 0 document(s) for vin=1HGBH41JXMN109186
]]></system-out>
  </testcase>
  <testcase name="shouldReturnEmptyWhenAllFail" classname="com.example.document.application.DocumentFetchServiceTest" time="0.002">
    <system-out><![CDATA[2026-05-03T07:26:11.732+07:00  INFO 35631 --- [           main] c.e.d.a.service.DocumentFetchService     : Fetching documents for vin=1HGBH41JXMN109186 from 2 provider(s)
2026-05-03T07:26:11.732+07:00 DEBUG 35631 --- [pool-4-thread-1] c.e.d.a.service.DocumentFetchService     : Provider [SALES] returned 0 doc(s) for vin=1HGBH41JXMN109186
2026-05-03T07:26:11.733+07:00 DEBUG 35631 --- [pool-4-thread-2] c.e.d.a.service.DocumentFetchService     : Provider [SERVICE] returned 0 doc(s) for vin=1HGBH41JXMN109186
2026-05-03T07:26:11.733+07:00  INFO 35631 --- [           main] c.e.d.a.service.DocumentFetchService     : Combined 0 document(s) for vin=1HGBH41JXMN109186
]]></system-out>
  </testcase>
  <testcase name="shouldCombineFromAllProviders" classname="com.example.document.application.DocumentFetchServiceTest" time="0.003">
    <system-out><![CDATA[2026-05-03T07:26:11.734+07:00  INFO 35631 --- [           main] c.e.d.a.service.DocumentFetchService     : Fetching documents for vin=1HGBH41JXMN109186 from 2 provider(s)
2026-05-03T07:26:11.735+07:00 DEBUG 35631 --- [pool-5-thread-2] c.e.d.a.service.DocumentFetchService     : Provider [SERVICE] returned 1 doc(s) for vin=1HGBH41JXMN109186
2026-05-03T07:26:11.735+07:00 DEBUG 35631 --- [pool-5-thread-1] c.e.d.a.service.DocumentFetchService     : Provider [SALES] returned 1 doc(s) for vin=1HGBH41JXMN109186
2026-05-03T07:26:11.735+07:00  INFO 35631 --- [           main] c.e.d.a.service.DocumentFetchService     : Combined 2 document(s) for vin=1HGBH41JXMN109186
]]></system-out>
  </testcase>
  <testcase name="shouldReturnPartialResultsOnProviderFailure" classname="com.example.document.application.DocumentFetchServiceTest" time="0.004">
    <system-out><![CDATA[2026-05-03T07:26:11.740+07:00  INFO 35631 --- [           main] c.e.d.a.service.DocumentFetchService     : Fetching documents for vin=1HGBH41JXMN109186 from 2 provider(s)
2026-05-03T07:26:11.741+07:00 DEBUG 35631 --- [pool-6-thread-2] c.e.d.a.service.DocumentFetchService     : Provider [SERVICE] returned 1 doc(s) for vin=1HGBH41JXMN109186
2026-05-03T07:26:11.741+07:00 ERROR 35631 --- [pool-6-thread-1] c.e.d.a.service.DocumentFetchService     : Provider [SALES] timed out or failed for vin=1HGBH41JXMN109186: java.lang.RuntimeException: Sales API down
2026-05-03T07:26:11.741+07:00  INFO 35631 --- [           main] c.e.d.a.service.DocumentFetchService     : Combined 1 document(s) for vin=1HGBH41JXMN109186
]]></system-out>
  </testcase>
</testsuite>