<?xml version="1.0" encoding="UTF-8"?>
<testsuite xmlns:xsi="http://www.w3.org/2001/XMLSchema-instance" xsi:noNamespaceSchemaLocation="https://maven.apache.org/surefire/maven-surefire-plugin/xsd/surefire-test-report.xsd" version="3.0.2" name="com.example.gateway.application.service.GatewayRouteInspectionServiceTest" time="0.066" tests="5" errors="0" skipped="0" failures="0">
  <properties>
[...]
</properties>
  <testcase name="shouldReturnEmptyFluxWhenNoRoutes" classname="com.example.gateway.application.service.GatewayRouteInspectionServiceTest" time="0.057"/>
  <testcase name="shouldReturnRouteHealthFromPort" classname="com.example.gateway.application.service.GatewayRouteInspectionServiceTest" time="0.003"/>
  <testcase name="shouldReturnEmptyMonoWhenNoRouteMatches" classname="com.example.gateway.application.service.GatewayRouteInspectionServiceTest" time="0.002"/>
  <testcase name="shouldListAllRoutes" classname="com.example.gateway.application.service.GatewayRouteInspectionServiceTest" time="0.001"/>
  <testcase name="shouldResolveRouteForGivenPath" classname="com.example.gateway.application.service.GatewayRouteInspectionServiceTest" time="0.001"/>
</testsuite>